2025/03/05 05:42:52 [notice] 1#1: using the "epoll" event method
2025/03/05 05:42:52 [notice] 1#1: nginx/1.27.4
2025/03/05 05:42:52 [notice] 1#1: built by gcc 12.2.0 (Debian 12.2.0-14) 
2025/03/05 05:42:52 [notice] 1#1: OS: Linux 5.15.167.4-microsoft-standard-WSL2
2025/03/05 05:42:52 [notice] 1#1: getrlimit(RLIMIT_NOFILE): 1048576:1048576
2025/03/05 05:42:52 [notice] 1#1: start worker processes
2025/03/05 05:42:52 [notice] 1#1: start worker process 20
2025/03/05 05:42:52 [notice] 1#1: start worker process 21
2025/03/05 05:42:52 [notice] 1#1: start worker process 22
2025/03/05 05:42:52 [notice] 1#1: start worker process 23
2025/03/05 05:42:52 [notice] 1#1: start worker process 24
2025/03/05 05:42:52 [notice] 1#1: start worker process 25
2025/03/05 05:42:52 [notice] 1#1: start worker process 26
2025/03/05 05:42:52 [notice] 1#1: start worker process 27
2025/03/05 05:42:52 [notice] 1#1: start worker process 28
2025/03/05 05:42:52 [notice] 1#1: start worker process 29
2025/03/05 05:42:52 [notice] 1#1: start worker process 30
2025/03/05 05:42:52 [notice] 1#1: start worker process 31
2025/03/05 05:42:52 [notice] 1#1: start worker process 32
2025/03/05 05:42:52 [notice] 1#1: start worker process 33
2025/03/05 05:42:52 [notice] 1#1: start worker process 34
2025/03/05 05:42:52 [notice] 1#1: start worker process 35
2025/03/05 05:49:54 [notice] 1#1: using the "epoll" event method
2025/03/05 05:49:54 [notice] 1#1: nginx/1.27.4
2025/03/05 05:49:54 [notice] 1#1: built by gcc 12.2.0 (Debian 12.2.0-14) 
2025/03/05 05:49:54 [notice] 1#1: OS: Linux 5.15.167.4-microsoft-standard-WSL2
2025/03/05 05:49:54 [notice] 1#1: getrlimit(RLIMIT_NOFILE): 1048576:1048576
2025/03/05 05:49:54 [notice] 1#1: start worker processes
2025/03/05 05:49:54 [notice] 1#1: start worker process 22
2025/03/05 05:49:54 [notice] 1#1: start worker process 23
2025/03/05 05:49:54 [notice] 1#1: start worker process 24
2025/03/05 05:49:54 [notice] 1#1: start worker process 25
2025/03/05 05:49:54 [notice] 1#1: start worker process 26
2025/03/05 05:49:54 [notice] 1#1: start worker process 27
2025/03/05 05:49:54 [notice] 1#1: start worker process 28
2025/03/05 05:49:54 [notice] 1#1: start worker process 29
2025/03/05 05:49:54 [notice] 1#1: start worker process 30
2025/03/05 05:49:54 [notice] 1#1: start worker process 31
2025/03/05 05:49:54 [notice] 1#1: start worker process 32
2025/03/05 05:49:54 [notice] 1#1: start worker process 33
2025/03/05 05:49:54 [notice] 1#1: start worker process 34
2025/03/05 05:49:54 [notice] 1#1: start worker process 35
2025/03/05 05:49:54 [notice] 1#1: start worker process 36
2025/03/05 05:49:54 [notice] 1#1: start worker process 37
2025/03/05 05:50:07 [error] 22#22: *1 open() "/usr/share/nginx/html/favicon.ico" failed (2: No such file or directory), client: 172.17.0.1, server: localhost, request: "GET /favicon.ico HTTP/1.1", host: "localhost", referrer: "http://localhost/"
